2025-05-15 17:16:34.951 [restartedMain] INFO  com.indiegeeker.pan.server.FastPanServerLauncher - Starting FastPanServerLauncher using Java 21.0.5 with PID 3044 (D:\code\fast-pan\server\target\classes started by leo in D:\code\fast-pan)
2025-05-15 17:16:34.951 [restartedMain] DEBUG com.indiegeeker.pan.server.FastPanServerLauncher - Running with Spring Boot v3.4.5, Spring v6.2.6
2025-05-15 17:16:34.951 [restartedMain] INFO  com.indiegeeker.pan.server.FastPanServerLauncher - The following 1 profile is active: "dev"
2025-05-15 17:16:35.166 [restartedMain] WARN  o.s.c.s.PostProcessorRegistrationDelegate$BeanPostProcessorChecker - Bean 'webValidatorConfig' of type [com.indiegeeker.pan.web.validator.WebValidatorConfig$$SpringCGLIB$$0] is not eligible for getting processed by all BeanPostProcessors (for example: not eligible for auto-proxying). The currently created BeanPostProcessor [methodValidationPostProcessor] is declared through a non-static factory method on that class; consider declaring it as static instead.
2025-05-15 17:16:35.169 [restartedMain] WARN  o.s.c.s.PostProcessorRegistrationDelegate$BeanPostProcessorChecker - Bean 'panValidator' of type [org.springframework.validation.beanvalidation.LocalValidatorFactoryBean] is not eligible for getting processed by all BeanPostProcessors (for example: not eligible for auto-proxying). Is this bean getting eagerly injected/applied to a currently created BeanPostProcessor [methodValidationPostProcessor]? Check the corresponding BeanPostProcessor declaration and its dependencies/advisors. If this bean does not have to be post-processed, declare it with ROLE_INFRASTRUCTURE.
2025-05-15 17:16:35.169 [restartedMain] INFO  c.indiegeeker.pan.web.validator.WebValidatorConfig - The hibernate validator is loaded successfully!
2025-05-15 17:16:35.197 [restartedMain] INFO  o.s.boot.web.embedded.tomcat.TomcatWebServer - Tomcat initialized with port 8000 (http)
2025-05-15 17:16:35.198 [restartedMain] INFO  org.apache.catalina.core.StandardService - Starting service [Tomcat]
2025-05-15 17:16:35.199 [restartedMain] INFO  org.apache.catalina.core.StandardEngine - Starting Servlet engine: [Apache Tomcat/10.1.40]
2025-05-15 17:16:35.210 [restartedMain] INFO  o.a.c.core.ContainerBase.[Tomcat].[localhost].[/] - Initializing Spring embedded WebApplicationContext
2025-05-15 17:16:35.210 [restartedMain] INFO  o.s.b.w.s.c.ServletWebServerApplicationContext - Root WebApplicationContext: initialization completed in 257 ms
2025-05-15 17:16:35.229 [restartedMain] DEBUG com.indiegeeker.pan.web.log.HttpLogFilter - Filter 'httpLogFilter' configured for use
2025-05-15 17:16:35.353 [restartedMain] INFO  o.s.b.d.autoconfigure.OptionalLiveReloadServer - LiveReload server is running on port 35729
2025-05-15 17:16:35.355 [restartedMain] INFO  o.s.b.actuate.endpoint.web.EndpointLinksResolver - Exposing 15 endpoints beneath base path '/actuator'
2025-05-15 17:16:35.369 [restartedMain] INFO  o.s.boot.web.embedded.tomcat.TomcatWebServer - Tomcat started on port 8000 (http) with context path '/'
2025-05-15 17:16:35.373 [restartedMain] INFO  com.indiegeeker.pan.server.FastPanServerLauncher - Started FastPanServerLauncher in 0.454 seconds (process running for 1272.493)
2025-05-15 17:16:35.374 [restartedMain] INFO  o.s.b.d.a.ConditionEvaluationDeltaLoggingListener - Condition evaluation delta:


==========================
CONDITION EVALUATION DELTA
==========================


Positive matches:
-----------------

   CachesEndpointAutoConfiguration#cachesEndpointWebExtension matched:
      - @ConditionalOnBean (types: org.springframework.boot.actuate.cache.CachesEndpoint; SearchStrategy: all) found bean 'cachesEndpoint'; @ConditionalOnMissingBean (types: org.springframework.boot.actuate.cache.CachesEndpointWebExtension; SearchStrategy: all) did not find any beans (OnBeanCondition)
      - @ConditionalOnAvailableEndpoint marked as exposed by a 'management.endpoints.web.exposure' property (OnAvailableEndpointCondition)

   ConfigurationPropertiesReportEndpointAutoConfiguration#configurationPropertiesReportEndpointWebExtension matched:
      - @ConditionalOnBean (types: org.springframework.boot.actuate.context.properties.ConfigurationPropertiesReportEndpoint; SearchStrategy: all) found bean 'configurationPropertiesReportEndpoint'; @ConditionalOnMissingBean (types: org.springframework.boot.actuate.context.properties.ConfigurationPropertiesReportEndpointWebExtension; SearchStrategy: all) did not find any beans (OnBeanCondition)
      - @ConditionalOnAvailableEndpoint marked as exposed by a 'management.endpoints.web.exposure' property (OnAvailableEndpointCondition)

   EnvironmentEndpointAutoConfiguration#environmentEndpointWebExtension matched:
      - @ConditionalOnBean (types: org.springframework.boot.actuate.env.EnvironmentEndpoint; SearchStrategy: all) found bean 'environmentEndpoint'; @ConditionalOnMissingBean (types: org.springframework.boot.actuate.env.EnvironmentEndpointWebExtension; SearchStrategy: all) did not find any beans (OnBeanCondition)
      - @ConditionalOnAvailableEndpoint marked as exposed by a 'management.endpoints.web.exposure' property (OnAvailableEndpointCondition)

   LogFileWebEndpointAutoConfiguration#logFileWebEndpoint matched:
      - Log File found logging.file.name logs/fast-pan-server.log (LogFileWebEndpointAutoConfiguration.LogFileCondition)
      - @ConditionalOnMissingBean (types: org.springframework.boot.actuate.logging.LogFileWebEndpoint; SearchStrategy: all) did not find any beans (OnBeanCondition)

   SbomEndpointAutoConfiguration#sbomEndpointWebExtension matched:
      - @ConditionalOnBean (types: org.springframework.boot.actuate.sbom.SbomEndpoint; SearchStrategy: all) found bean 'sbomEndpoint'; @ConditionalOnMissingBean (types: org.springframework.boot.actuate.sbom.SbomEndpointWebExtension; SearchStrategy: all) did not find any beans (OnBeanCondition)
      - @ConditionalOnAvailableEndpoint marked as exposed by a 'management.endpoints.web.exposure' property (OnAvailableEndpointCondition)


Negative matches:
-----------------

    None


Exclusions:
-----------

    None


Unconditional classes:
----------------------

    None



2025-05-15 17:27:51.272 [File Watcher] INFO  o.s.b.d.a.LocalDevToolsAutoConfiguration$RestartingClassPathChangeChangedEventListener - Restarting due to 1 class path change (0 additions, 0 deletions, 1 modification)
2025-05-15 17:27:51.273 [Thread-41] INFO  o.s.boot.web.embedded.tomcat.GracefulShutdown - Commencing graceful shutdown. Waiting for active requests to complete
2025-05-15 17:27:51.276 [tomcat-shutdown] INFO  o.s.boot.web.embedded.tomcat.GracefulShutdown - Graceful shutdown complete
2025-05-15 17:27:51.339 [restartedMain] INFO  com.indiegeeker.pan.server.FastPanServerLauncher - Starting FastPanServerLauncher using Java 21.0.5 with PID 3044 (D:\code\fast-pan\server\target\classes started by leo in D:\code\fast-pan)
2025-05-15 17:27:51.339 [restartedMain] DEBUG com.indiegeeker.pan.server.FastPanServerLauncher - Running with Spring Boot v3.4.5, Spring v6.2.6
2025-05-15 17:27:51.339 [restartedMain] INFO  com.indiegeeker.pan.server.FastPanServerLauncher - The following 1 profile is active: "dev"
2025-05-15 17:27:51.557 [restartedMain] WARN  o.s.c.s.PostProcessorRegistrationDelegate$BeanPostProcessorChecker - Bean 'webValidatorConfig' of type [com.indiegeeker.pan.web.validator.WebValidatorConfig$$SpringCGLIB$$0] is not eligible for getting processed by all BeanPostProcessors (for example: not eligible for auto-proxying). The currently created BeanPostProcessor [methodValidationPostProcessor] is declared through a non-static factory method on that class; consider declaring it as static instead.
2025-05-15 17:27:51.560 [restartedMain] WARN  o.s.c.s.PostProcessorRegistrationDelegate$BeanPostProcessorChecker - Bean 'panValidator' of type [org.springframework.validation.beanvalidation.LocalValidatorFactoryBean] is not eligible for getting processed by all BeanPostProcessors (for example: not eligible for auto-proxying). Is this bean getting eagerly injected/applied to a currently created BeanPostProcessor [methodValidationPostProcessor]? Check the corresponding BeanPostProcessor declaration and its dependencies/advisors. If this bean does not have to be post-processed, declare it with ROLE_INFRASTRUCTURE.
2025-05-15 17:27:51.560 [restartedMain] INFO  c.indiegeeker.pan.web.validator.WebValidatorConfig - The hibernate validator is loaded successfully!
2025-05-15 17:27:51.587 [restartedMain] INFO  o.s.boot.web.embedded.tomcat.TomcatWebServer - Tomcat initialized with port 8000 (http)
2025-05-15 17:27:51.588 [restartedMain] INFO  org.apache.catalina.core.StandardService - Starting service [Tomcat]
2025-05-15 17:27:51.588 [restartedMain] INFO  org.apache.catalina.core.StandardEngine - Starting Servlet engine: [Apache Tomcat/10.1.40]
2025-05-15 17:27:51.601 [restartedMain] INFO  o.a.c.core.ContainerBase.[Tomcat].[localhost].[/] - Initializing Spring embedded WebApplicationContext
2025-05-15 17:27:51.601 [restartedMain] INFO  o.s.b.w.s.c.ServletWebServerApplicationContext - Root WebApplicationContext: initialization completed in 260 ms
2025-05-15 17:27:51.621 [restartedMain] DEBUG com.indiegeeker.pan.web.log.HttpLogFilter - Filter 'httpLogFilter' configured for use
2025-05-15 17:27:51.725 [restartedMain] INFO  o.s.b.d.autoconfigure.OptionalLiveReloadServer - LiveReload server is running on port 35729
2025-05-15 17:27:51.727 [restartedMain] INFO  o.s.b.actuate.endpoint.web.EndpointLinksResolver - Exposing 15 endpoints beneath base path '/actuator'
2025-05-15 17:27:51.739 [restartedMain] INFO  o.s.boot.web.embedded.tomcat.TomcatWebServer - Tomcat started on port 8000 (http) with context path '/'
2025-05-15 17:27:51.742 [restartedMain] INFO  com.indiegeeker.pan.server.FastPanServerLauncher - Started FastPanServerLauncher in 0.424 seconds (process running for 1948.863)
2025-05-15 17:27:51.743 [restartedMain] INFO  o.s.b.d.a.ConditionEvaluationDeltaLoggingListener - Condition evaluation unchanged
2025-05-15 17:30:11.114 [SpringApplicationShutdownHook] INFO  o.s.boot.web.embedded.tomcat.GracefulShutdown - Commencing graceful shutdown. Waiting for active requests to complete
2025-05-15 17:30:11.119 [tomcat-shutdown] INFO  o.s.boot.web.embedded.tomcat.GracefulShutdown - Graceful shutdown complete
2025-05-15 17:30:33.294 [restartedMain] INFO  com.indiegeeker.pan.server.FastPanServerLauncher - Starting FastPanServerLauncher using Java 21.0.5 with PID 9104 (D:\code\fast-pan\server\target\classes started by leo in D:\code\fast-pan)
2025-05-15 17:30:33.295 [restartedMain] DEBUG com.indiegeeker.pan.server.FastPanServerLauncher - Running with Spring Boot v3.4.5, Spring v6.2.6
2025-05-15 17:30:33.296 [restartedMain] INFO  com.indiegeeker.pan.server.FastPanServerLauncher - The following 1 profile is active: "dev"
2025-05-15 17:30:33.343 [restartedMain] INFO  o.s.b.d.env.DevToolsPropertyDefaultsPostProcessor - Devtools property defaults active! Set 'spring.devtools.add-properties' to 'false' to disable
2025-05-15 17:30:33.344 [restartedMain] INFO  o.s.b.d.env.DevToolsPropertyDefaultsPostProcessor - For additional web related logging consider setting the 'logging.level.web' property to 'DEBUG'
2025-05-15 17:30:34.122 [restartedMain] WARN  o.s.c.s.PostProcessorRegistrationDelegate$BeanPostProcessorChecker - Bean 'webValidatorConfig' of type [com.indiegeeker.pan.web.validator.WebValidatorConfig$$SpringCGLIB$$0] is not eligible for getting processed by all BeanPostProcessors (for example: not eligible for auto-proxying). The currently created BeanPostProcessor [methodValidationPostProcessor] is declared through a non-static factory method on that class; consider declaring it as static instead.
2025-05-15 17:30:34.131 [restartedMain] WARN  o.s.c.s.PostProcessorRegistrationDelegate$BeanPostProcessorChecker - Bean 'panValidator' of type [org.springframework.validation.beanvalidation.LocalValidatorFactoryBean] is not eligible for getting processed by all BeanPostProcessors (for example: not eligible for auto-proxying). Is this bean getting eagerly injected/applied to a currently created BeanPostProcessor [methodValidationPostProcessor]? Check the corresponding BeanPostProcessor declaration and its dependencies/advisors. If this bean does not have to be post-processed, declare it with ROLE_INFRASTRUCTURE.
2025-05-15 17:30:34.131 [restartedMain] INFO  c.indiegeeker.pan.web.validator.WebValidatorConfig - The hibernate validator is loaded successfully!
2025-05-15 17:30:34.359 [restartedMain] INFO  o.s.boot.web.embedded.tomcat.TomcatWebServer - Tomcat initialized with port 8000 (http)
2025-05-15 17:30:34.372 [restartedMain] INFO  org.apache.catalina.core.StandardService - Starting service [Tomcat]
2025-05-15 17:30:34.373 [restartedMain] INFO  org.apache.catalina.core.StandardEngine - Starting Servlet engine: [Apache Tomcat/10.1.40]
2025-05-15 17:30:34.406 [restartedMain] INFO  o.a.c.core.ContainerBase.[Tomcat].[localhost].[/] - Initializing Spring embedded WebApplicationContext
2025-05-15 17:30:34.407 [restartedMain] INFO  o.s.b.w.s.c.ServletWebServerApplicationContext - Root WebApplicationContext: initialization completed in 1062 ms
2025-05-15 17:30:34.515 [restartedMain] DEBUG com.indiegeeker.pan.web.log.HttpLogFilter - Filter 'httpLogFilter' configured for use
2025-05-15 17:30:34.981 [restartedMain] INFO  o.s.b.d.autoconfigure.OptionalLiveReloadServer - LiveReload server is running on port 35729
2025-05-15 17:30:34.986 [restartedMain] INFO  o.s.b.actuate.endpoint.web.EndpointLinksResolver - Exposing 15 endpoints beneath base path '/actuator'
2025-05-15 17:30:35.032 [restartedMain] INFO  o.s.boot.web.embedded.tomcat.TomcatWebServer - Tomcat started on port 8000 (http) with context path '/'
2025-05-15 17:30:35.040 [restartedMain] INFO  com.indiegeeker.pan.server.FastPanServerLauncher - Started FastPanServerLauncher in 2.139 seconds (process running for 2.622)
2025-05-15 17:30:35.598 [RMI TCP Connection(2)-198.18.0.1] INFO  o.a.c.core.ContainerBase.[Tomcat].[localhost].[/] - Initializing Spring DispatcherServlet 'dispatcherServlet'
2025-05-15 17:30:35.598 [RMI TCP Connection(2)-198.18.0.1] INFO  org.springframework.web.servlet.DispatcherServlet - Initializing Servlet 'dispatcherServlet'
2025-05-15 17:30:35.599 [RMI TCP Connection(2)-198.18.0.1] INFO  org.springframework.web.servlet.DispatcherServlet - Completed initialization in 1 ms
2025-05-15 17:31:07.799 [http-nio-8000-exec-1] INFO  com.indiegeeker.pan.web.log.HttpLogEntity - ====================HTTP CALL START====================
2025-05-15 17:31:07.879 [http-nio-8000-exec-1] INFO  com.indiegeeker.pan.web.log.HttpLogEntity - callTime: 2025-05-15T17:31:07
2025-05-15 17:31:07.881 [http-nio-8000-exec-1] INFO  com.indiegeeker.pan.web.log.HttpLogEntity - requestUri: /test
2025-05-15 17:31:07.881 [http-nio-8000-exec-1] INFO  com.indiegeeker.pan.web.log.HttpLogEntity - method: GET
2025-05-15 17:31:07.881 [http-nio-8000-exec-1] INFO  com.indiegeeker.pan.web.log.HttpLogEntity - remoteAddr: 127.0.0.1
2025-05-15 17:31:07.881 [http-nio-8000-exec-1] INFO  com.indiegeeker.pan.web.log.HttpLogEntity - ip: 127.0.0.1
2025-05-15 17:31:07.881 [http-nio-8000-exec-1] INFO  com.indiegeeker.pan.web.log.HttpLogEntity - requestHeaders: {sec-fetch-mode=navigate, sec-fetch-site=none, accept-language=zh-CN,zh;q=0.9, sec-fetch-user=?1, accept=text/html,application/xhtml+xml,application/xml;q=0.9,image/avif,image/webp,image/apng,*/*;q=0.8,application/signed-exchange;v=b3;q=0.7, sec-ch-ua="Chromium";v="136", "Google Chrome";v="136", "Not.A/Brand";v="99", sec-ch-ua-mobile=?0, sec-ch-ua-platform="Windows", host=127.0.0.1:8000, upgrade-insecure-requests=1, connection=keep-alive, accept-encoding=gzip, deflate, br, zstd, user-agent=Mozilla/5.0 (Windows NT 10.0; Win64; x64) AppleWebKit/537.36 (KHTML, like Gecko) Chrome/136.0.0.0 Safari/537.36, sec-fetch-dest=document}
2025-05-15 17:31:07.881 [http-nio-8000-exec-1] INFO  com.indiegeeker.pan.web.log.HttpLogEntity - requestParams: {}
2025-05-15 17:31:07.881 [http-nio-8000-exec-1] INFO  com.indiegeeker.pan.web.log.HttpLogEntity - status: 200
2025-05-15 17:31:07.882 [http-nio-8000-exec-1] INFO  com.indiegeeker.pan.web.log.HttpLogEntity - responseHeaders: {contentType=application/json}
2025-05-15 17:31:07.882 [http-nio-8000-exec-1] INFO  com.indiegeeker.pan.web.log.HttpLogEntity - responseData: Stream Body...
2025-05-15 17:31:07.882 [http-nio-8000-exec-1] INFO  com.indiegeeker.pan.web.log.HttpLogEntity - resolveTime: 00:00:00.175
2025-05-15 17:31:07.882 [http-nio-8000-exec-1] INFO  com.indiegeeker.pan.web.log.HttpLogEntity - ====================HTTP CALL FINISH====================
2025-05-15 17:31:08.939 [http-nio-8000-exec-2] INFO  com.indiegeeker.pan.web.log.HttpLogEntity - ====================HTTP CALL START====================
2025-05-15 17:31:08.939 [http-nio-8000-exec-2] INFO  com.indiegeeker.pan.web.log.HttpLogEntity - callTime: 2025-05-15T17:31:08
2025-05-15 17:31:08.939 [http-nio-8000-exec-2] INFO  com.indiegeeker.pan.web.log.HttpLogEntity - requestUri: /favicon.ico
2025-05-15 17:31:08.939 [http-nio-8000-exec-2] INFO  com.indiegeeker.pan.web.log.HttpLogEntity - method: GET
2025-05-15 17:31:08.940 [http-nio-8000-exec-2] INFO  com.indiegeeker.pan.web.log.HttpLogEntity - remoteAddr: 127.0.0.1
2025-05-15 17:31:08.940 [http-nio-8000-exec-2] INFO  com.indiegeeker.pan.web.log.HttpLogEntity - ip: 127.0.0.1
2025-05-15 17:31:08.940 [http-nio-8000-exec-2] INFO  com.indiegeeker.pan.web.log.HttpLogEntity - requestHeaders: {sec-fetch-mode=no-cors, referer=http://127.0.0.1:8000/test, sec-fetch-site=same-origin, accept-language=zh-CN,zh;q=0.9, accept=image/avif,image/webp,image/apng,image/svg+xml,image/*,*/*;q=0.8, sec-ch-ua="Chromium";v="136", "Google Chrome";v="136", "Not.A/Brand";v="99", sec-ch-ua-mobile=?0, sec-ch-ua-platform="Windows", host=127.0.0.1:8000, connection=keep-alive, accept-encoding=gzip, deflate, br, zstd, user-agent=Mozilla/5.0 (Windows NT 10.0; Win64; x64) AppleWebKit/537.36 (KHTML, like Gecko) Chrome/136.0.0.0 Safari/537.36, sec-fetch-dest=image}
2025-05-15 17:31:08.940 [http-nio-8000-exec-2] INFO  com.indiegeeker.pan.web.log.HttpLogEntity - requestParams: {}
2025-05-15 17:31:08.940 [http-nio-8000-exec-2] INFO  com.indiegeeker.pan.web.log.HttpLogEntity - status: 404
2025-05-15 17:31:08.940 [http-nio-8000-exec-2] INFO  com.indiegeeker.pan.web.log.HttpLogEntity - responseHeaders: {contentType=null}
2025-05-15 17:31:08.940 [http-nio-8000-exec-2] INFO  com.indiegeeker.pan.web.log.HttpLogEntity - responseData: Stream Body...
2025-05-15 17:31:08.940 [http-nio-8000-exec-2] INFO  com.indiegeeker.pan.web.log.HttpLogEntity - resolveTime: 00:00:00.010
2025-05-15 17:31:08.940 [http-nio-8000-exec-2] INFO  com.indiegeeker.pan.web.log.HttpLogEntity - ====================HTTP CALL FINISH====================
2025-05-15 17:31:44.672 [http-nio-8000-exec-3] INFO  com.indiegeeker.pan.web.log.HttpLogEntity - ====================HTTP CALL START====================
2025-05-15 17:31:44.672 [http-nio-8000-exec-3] INFO  com.indiegeeker.pan.web.log.HttpLogEntity - callTime: 2025-05-15T17:31:44
2025-05-15 17:31:44.672 [http-nio-8000-exec-3] INFO  com.indiegeeker.pan.web.log.HttpLogEntity - requestUri: /test1
2025-05-15 17:31:44.672 [http-nio-8000-exec-3] INFO  com.indiegeeker.pan.web.log.HttpLogEntity - method: GET
2025-05-15 17:31:44.672 [http-nio-8000-exec-3] INFO  com.indiegeeker.pan.web.log.HttpLogEntity - remoteAddr: 127.0.0.1
2025-05-15 17:31:44.672 [http-nio-8000-exec-3] INFO  com.indiegeeker.pan.web.log.HttpLogEntity - ip: 127.0.0.1
2025-05-15 17:31:44.672 [http-nio-8000-exec-3] INFO  com.indiegeeker.pan.web.log.HttpLogEntity - requestHeaders: {sec-fetch-mode=navigate, sec-fetch-site=none, accept-language=zh-CN,zh;q=0.9, sec-fetch-user=?1, accept=text/html,application/xhtml+xml,application/xml;q=0.9,image/avif,image/webp,image/apng,*/*;q=0.8,application/signed-exchange;v=b3;q=0.7, sec-ch-ua="Chromium";v="136", "Google Chrome";v="136", "Not.A/Brand";v="99", sec-ch-ua-mobile=?0, sec-ch-ua-platform="Windows", host=127.0.0.1:8000, upgrade-insecure-requests=1, connection=keep-alive, accept-encoding=gzip, deflate, br, zstd, user-agent=Mozilla/5.0 (Windows NT 10.0; Win64; x64) AppleWebKit/537.36 (KHTML, like Gecko) Chrome/136.0.0.0 Safari/537.36, sec-fetch-dest=document}
2025-05-15 17:31:44.672 [http-nio-8000-exec-3] INFO  com.indiegeeker.pan.web.log.HttpLogEntity - requestParams: {}
2025-05-15 17:31:44.672 [http-nio-8000-exec-3] INFO  com.indiegeeker.pan.web.log.HttpLogEntity - status: 404
2025-05-15 17:31:44.672 [http-nio-8000-exec-3] INFO  com.indiegeeker.pan.web.log.HttpLogEntity - responseHeaders: {contentType=null}
2025-05-15 17:31:44.672 [http-nio-8000-exec-3] INFO  com.indiegeeker.pan.web.log.HttpLogEntity - responseData: Stream Body...
2025-05-15 17:31:44.672 [http-nio-8000-exec-3] INFO  com.indiegeeker.pan.web.log.HttpLogEntity - resolveTime: 00:00:00.002
2025-05-15 17:31:44.672 [http-nio-8000-exec-3] INFO  com.indiegeeker.pan.web.log.HttpLogEntity - ====================HTTP CALL FINISH====================
2025-05-15 17:32:17.526 [http-nio-8000-exec-5] INFO  com.indiegeeker.pan.web.log.HttpLogEntity - ====================HTTP CALL START====================
2025-05-15 17:32:17.526 [http-nio-8000-exec-5] INFO  com.indiegeeker.pan.web.log.HttpLogEntity - callTime: 2025-05-15T17:32:17
2025-05-15 17:32:17.526 [http-nio-8000-exec-5] INFO  com.indiegeeker.pan.web.log.HttpLogEntity - requestUri: /test1
2025-05-15 17:32:17.526 [http-nio-8000-exec-5] INFO  com.indiegeeker.pan.web.log.HttpLogEntity - method: GET
2025-05-15 17:32:17.526 [http-nio-8000-exec-5] INFO  com.indiegeeker.pan.web.log.HttpLogEntity - remoteAddr: 127.0.0.1
2025-05-15 17:32:17.526 [http-nio-8000-exec-5] INFO  com.indiegeeker.pan.web.log.HttpLogEntity - ip: 127.0.0.1
2025-05-15 17:32:17.526 [http-nio-8000-exec-5] INFO  com.indiegeeker.pan.web.log.HttpLogEntity - requestHeaders: {sec-fetch-mode=navigate, sec-fetch-site=none, accept-language=zh-CN,zh;q=0.9, sec-fetch-user=?1, accept=text/html,application/xhtml+xml,application/xml;q=0.9,image/avif,image/webp,image/apng,*/*;q=0.8,application/signed-exchange;v=b3;q=0.7, sec-ch-ua="Chromium";v="136", "Google Chrome";v="136", "Not.A/Brand";v="99", sec-ch-ua-mobile=?0, sec-ch-ua-platform="Windows", host=127.0.0.1:8000, upgrade-insecure-requests=1, connection=keep-alive, accept-encoding=gzip, deflate, br, zstd, user-agent=Mozilla/5.0 (Windows NT 10.0; Win64; x64) AppleWebKit/537.36 (KHTML, like Gecko) Chrome/136.0.0.0 Safari/537.36, sec-fetch-dest=document}
2025-05-15 17:32:17.526 [http-nio-8000-exec-5] INFO  com.indiegeeker.pan.web.log.HttpLogEntity - requestParams: {}
2025-05-15 17:32:17.526 [http-nio-8000-exec-5] INFO  com.indiegeeker.pan.web.log.HttpLogEntity - status: 404
2025-05-15 17:32:17.526 [http-nio-8000-exec-5] INFO  com.indiegeeker.pan.web.log.HttpLogEntity - responseHeaders: {contentType=null}
2025-05-15 17:32:17.526 [http-nio-8000-exec-5] INFO  com.indiegeeker.pan.web.log.HttpLogEntity - responseData: Stream Body...
2025-05-15 17:32:17.527 [http-nio-8000-exec-5] INFO  com.indiegeeker.pan.web.log.HttpLogEntity - resolveTime: 00:00:00.001
2025-05-15 17:32:17.527 [http-nio-8000-exec-5] INFO  com.indiegeeker.pan.web.log.HttpLogEntity - ====================HTTP CALL FINISH====================
2025-05-15 17:33:49.010 [File Watcher] INFO  o.s.b.d.a.LocalDevToolsAutoConfiguration$RestartingClassPathChangeChangedEventListener - Restarting due to 1 class path change (0 additions, 1 deletion, 0 modifications)
2025-05-15 17:33:49.014 [Thread-5] INFO  o.s.boot.web.embedded.tomcat.GracefulShutdown - Commencing graceful shutdown. Waiting for active requests to complete
2025-05-15 17:33:49.017 [tomcat-shutdown] INFO  o.s.boot.web.embedded.tomcat.GracefulShutdown - Graceful shutdown complete
2025-05-15 17:33:49.116 [restartedMain] INFO  com.indiegeeker.pan.server.FastPanServerLauncher - Starting FastPanServerLauncher using Java 21.0.5 with PID 9104 (D:\code\fast-pan\server\target\classes started by leo in D:\code\fast-pan)
2025-05-15 17:33:49.117 [restartedMain] DEBUG com.indiegeeker.pan.server.FastPanServerLauncher - Running with Spring Boot v3.4.5, Spring v6.2.6
2025-05-15 17:33:49.117 [restartedMain] INFO  com.indiegeeker.pan.server.FastPanServerLauncher - The following 1 profile is active: "dev"
2025-05-15 17:33:49.400 [restartedMain] WARN  o.s.c.s.PostProcessorRegistrationDelegate$BeanPostProcessorChecker - Bean 'webValidatorConfig' of type [com.indiegeeker.pan.web.validator.WebValidatorConfig$$SpringCGLIB$$0] is not eligible for getting processed by all BeanPostProcessors (for example: not eligible for auto-proxying). The currently created BeanPostProcessor [methodValidationPostProcessor] is declared through a non-static factory method on that class; consider declaring it as static instead.
2025-05-15 17:33:49.403 [restartedMain] WARN  o.s.c.s.PostProcessorRegistrationDelegate$BeanPostProcessorChecker - Bean 'panValidator' of type [org.springframework.validation.beanvalidation.LocalValidatorFactoryBean] is not eligible for getting processed by all BeanPostProcessors (for example: not eligible for auto-proxying). Is this bean getting eagerly injected/applied to a currently created BeanPostProcessor [methodValidationPostProcessor]? Check the corresponding BeanPostProcessor declaration and its dependencies/advisors. If this bean does not have to be post-processed, declare it with ROLE_INFRASTRUCTURE.
2025-05-15 17:33:49.403 [restartedMain] INFO  c.indiegeeker.pan.web.validator.WebValidatorConfig - The hibernate validator is loaded successfully!
2025-05-15 17:33:49.439 [restartedMain] INFO  o.s.boot.web.embedded.tomcat.TomcatWebServer - Tomcat initialized with port 8000 (http)
2025-05-15 17:33:49.441 [restartedMain] INFO  org.apache.catalina.core.StandardService - Starting service [Tomcat]
2025-05-15 17:33:49.441 [restartedMain] INFO  org.apache.catalina.core.StandardEngine - Starting Servlet engine: [Apache Tomcat/10.1.40]
2025-05-15 17:33:49.459 [restartedMain] INFO  o.a.c.core.ContainerBase.[Tomcat].[localhost].[/] - Initializing Spring embedded WebApplicationContext
2025-05-15 17:33:49.459 [restartedMain] INFO  o.s.b.w.s.c.ServletWebServerApplicationContext - Root WebApplicationContext: initialization completed in 341 ms
2025-05-15 17:33:49.484 [restartedMain] DEBUG com.indiegeeker.pan.web.log.HttpLogFilter - Filter 'httpLogFilter' configured for use
2025-05-15 17:33:49.616 [restartedMain] INFO  o.s.b.d.autoconfigure.OptionalLiveReloadServer - LiveReload server is running on port 35729
2025-05-15 17:33:49.618 [restartedMain] INFO  o.s.b.actuate.endpoint.web.EndpointLinksResolver - Exposing 15 endpoints beneath base path '/actuator'
2025-05-15 17:33:49.632 [restartedMain] INFO  o.s.boot.web.embedded.tomcat.TomcatWebServer - Tomcat started on port 8000 (http) with context path '/'
2025-05-15 17:33:49.635 [restartedMain] INFO  com.indiegeeker.pan.server.FastPanServerLauncher - Started FastPanServerLauncher in 0.545 seconds (process running for 197.217)
2025-05-15 17:33:49.637 [restartedMain] INFO  o.s.b.d.a.ConditionEvaluationDeltaLoggingListener - Condition evaluation unchanged
2025-05-15 17:35:08.925 [File Watcher] INFO  o.s.b.d.a.LocalDevToolsAutoConfiguration$RestartingClassPathChangeChangedEventListener - Restarting due to 1 class path change (1 addition, 0 deletions, 0 modifications)
2025-05-15 17:35:08.926 [Thread-7] INFO  o.s.boot.web.embedded.tomcat.GracefulShutdown - Commencing graceful shutdown. Waiting for active requests to complete
2025-05-15 17:35:08.931 [tomcat-shutdown] INFO  o.s.boot.web.embedded.tomcat.GracefulShutdown - Graceful shutdown complete
2025-05-15 17:35:09.008 [restartedMain] INFO  com.indiegeeker.pan.server.FastPanServerLauncher - Starting FastPanServerLauncher using Java 21.0.5 with PID 9104 (D:\code\fast-pan\server\target\classes started by leo in D:\code\fast-pan)
2025-05-15 17:35:09.008 [restartedMain] DEBUG com.indiegeeker.pan.server.FastPanServerLauncher - Running with Spring Boot v3.4.5, Spring v6.2.6
2025-05-15 17:35:09.008 [restartedMain] INFO  com.indiegeeker.pan.server.FastPanServerLauncher - The following 1 profile is active: "dev"
2025-05-15 17:35:09.250 [restartedMain] WARN  o.s.c.s.PostProcessorRegistrationDelegate$BeanPostProcessorChecker - Bean 'webValidatorConfig' of type [com.indiegeeker.pan.web.validator.WebValidatorConfig$$SpringCGLIB$$0] is not eligible for getting processed by all BeanPostProcessors (for example: not eligible for auto-proxying). The currently created BeanPostProcessor [methodValidationPostProcessor] is declared through a non-static factory method on that class; consider declaring it as static instead.
2025-05-15 17:35:09.254 [restartedMain] WARN  o.s.c.s.PostProcessorRegistrationDelegate$BeanPostProcessorChecker - Bean 'panValidator' of type [org.springframework.validation.beanvalidation.LocalValidatorFactoryBean] is not eligible for getting processed by all BeanPostProcessors (for example: not eligible for auto-proxying). Is this bean getting eagerly injected/applied to a currently created BeanPostProcessor [methodValidationPostProcessor]? Check the corresponding BeanPostProcessor declaration and its dependencies/advisors. If this bean does not have to be post-processed, declare it with ROLE_INFRASTRUCTURE.
2025-05-15 17:35:09.254 [restartedMain] INFO  c.indiegeeker.pan.web.validator.WebValidatorConfig - The hibernate validator is loaded successfully!
2025-05-15 17:35:09.272 [restartedMain] INFO  o.s.boot.web.embedded.tomcat.TomcatWebServer - Tomcat initialized with port 8000 (http)
2025-05-15 17:35:09.272 [restartedMain] INFO  org.apache.catalina.core.StandardService - Starting service [Tomcat]
2025-05-15 17:35:09.272 [restartedMain] INFO  org.apache.catalina.core.StandardEngine - Starting Servlet engine: [Apache Tomcat/10.1.40]
2025-05-15 17:35:09.284 [restartedMain] INFO  o.a.c.core.ContainerBase.[Tomcat].[localhost].[/] - Initializing Spring embedded WebApplicationContext
2025-05-15 17:35:09.284 [restartedMain] INFO  o.s.b.w.s.c.ServletWebServerApplicationContext - Root WebApplicationContext: initialization completed in 274 ms
2025-05-15 17:35:09.302 [restartedMain] DEBUG com.indiegeeker.pan.web.log.HttpLogFilter - Filter 'httpLogFilter' configured for use
2025-05-15 17:35:09.391 [restartedMain] INFO  o.s.b.d.autoconfigure.OptionalLiveReloadServer - LiveReload server is running on port 35729
2025-05-15 17:35:09.393 [restartedMain] INFO  o.s.b.actuate.endpoint.web.EndpointLinksResolver - Exposing 15 endpoints beneath base path '/actuator'
2025-05-15 17:35:09.407 [restartedMain] INFO  o.s.boot.web.embedded.tomcat.TomcatWebServer - Tomcat started on port 8000 (http) with context path '/'
2025-05-15 17:35:09.410 [restartedMain] INFO  com.indiegeeker.pan.server.FastPanServerLauncher - Started FastPanServerLauncher in 0.426 seconds (process running for 276.992)
2025-05-15 17:35:09.411 [restartedMain] INFO  o.s.b.d.a.ConditionEvaluationDeltaLoggingListener - Condition evaluation unchanged
2025-05-15 17:35:11.588 [http-nio-8000-exec-1] INFO  o.a.c.core.ContainerBase.[Tomcat].[localhost].[/] - Initializing Spring DispatcherServlet 'dispatcherServlet'
2025-05-15 17:35:11.588 [http-nio-8000-exec-1] INFO  org.springframework.web.servlet.DispatcherServlet - Initializing Servlet 'dispatcherServlet'
2025-05-15 17:35:11.589 [http-nio-8000-exec-1] INFO  org.springframework.web.servlet.DispatcherServlet - Completed initialization in 1 ms
2025-05-15 17:35:11.600 [http-nio-8000-exec-1] WARN  o.s.w.s.m.m.a.ExceptionHandlerExceptionResolver - Resolved [org.springframework.web.servlet.resource.NoResourceFoundException: No static resource test1.]
2025-05-15 17:35:11.602 [http-nio-8000-exec-1] INFO  com.indiegeeker.pan.web.log.HttpLogEntity - ====================HTTP CALL START====================
2025-05-15 17:35:11.602 [http-nio-8000-exec-1] INFO  com.indiegeeker.pan.web.log.HttpLogEntity - callTime: 2025-05-15T17:35:11
2025-05-15 17:35:11.602 [http-nio-8000-exec-1] INFO  com.indiegeeker.pan.web.log.HttpLogEntity - requestUri: /test1
2025-05-15 17:35:11.602 [http-nio-8000-exec-1] INFO  com.indiegeeker.pan.web.log.HttpLogEntity - method: GET
2025-05-15 17:35:11.602 [http-nio-8000-exec-1] INFO  com.indiegeeker.pan.web.log.HttpLogEntity - remoteAddr: 127.0.0.1
2025-05-15 17:35:11.602 [http-nio-8000-exec-1] INFO  com.indiegeeker.pan.web.log.HttpLogEntity - ip: 127.0.0.1
2025-05-15 17:35:11.602 [http-nio-8000-exec-1] INFO  com.indiegeeker.pan.web.log.HttpLogEntity - requestHeaders: {sec-fetch-mode=navigate, sec-fetch-site=none, accept-language=zh-CN,zh;q=0.9, sec-fetch-user=?1, accept=text/html,application/xhtml+xml,application/xml;q=0.9,image/avif,image/webp,image/apng,*/*;q=0.8,application/signed-exchange;v=b3;q=0.7, sec-ch-ua="Chromium";v="136", "Google Chrome";v="136", "Not.A/Brand";v="99", sec-ch-ua-mobile=?0, sec-ch-ua-platform="Windows", host=127.0.0.1:8000, upgrade-insecure-requests=1, connection=keep-alive, accept-encoding=gzip, deflate, br, zstd, user-agent=Mozilla/5.0 (Windows NT 10.0; Win64; x64) AppleWebKit/537.36 (KHTML, like Gecko) Chrome/136.0.0.0 Safari/537.36, sec-fetch-dest=document}
2025-05-15 17:35:11.603 [http-nio-8000-exec-1] INFO  com.indiegeeker.pan.web.log.HttpLogEntity - requestParams: {}
2025-05-15 17:35:11.603 [http-nio-8000-exec-1] INFO  com.indiegeeker.pan.web.log.HttpLogEntity - status: 200
2025-05-15 17:35:11.603 [http-nio-8000-exec-1] INFO  com.indiegeeker.pan.web.log.HttpLogEntity - responseHeaders: {contentType=application/json}
2025-05-15 17:35:11.603 [http-nio-8000-exec-1] INFO  com.indiegeeker.pan.web.log.HttpLogEntity - responseData: Stream Body...
2025-05-15 17:35:11.603 [http-nio-8000-exec-1] INFO  com.indiegeeker.pan.web.log.HttpLogEntity - resolveTime: 00:00:00.010
2025-05-15 17:35:11.603 [http-nio-8000-exec-1] INFO  com.indiegeeker.pan.web.log.HttpLogEntity - ====================HTTP CALL FINISH====================
